<?xml version="1.0" encoding="UTF-8"?>
<testsuite xmlns:xsi="http://www.w3.org/2001/XMLSchema-instance" xsi:noNamespaceSchemaLocation="https://maven.apache.org/surefire/maven-surefire-plugin/xsd/surefire-test-report.xsd" name="SavingsMethodTest" time="0.033" tests="12" errors="0" skipped="0" failures="0">
  <properties>
[...]
</properties>
  <testcase name="testFutureValueLS_VariableInterest" classname="SavingsMethodTest" time="0.011"/>
  <testcase name="testCompoundSavingsVariable" classname="SavingsMethodTest" time="0"/>
  <testcase name="testFutureValueLumpSum2" classname="SavingsMethodTest" time="0"/>
  <testcase name="futureValLumpSumTest" classname="SavingsMethodTest" time="0"/>
  <testcase name="testFutureValueLumpSum" classname="SavingsMethodTest" time="0"/>
  <testcase name="testCompoundSavingsConstant" classname="SavingsMethodTest" time="0"/>
  <testcase name="futureValLumpSumTwoTest" classname="SavingsMethodTest" time="0.001"/>
  <testcase name="testCompoundSavingsConstant2" classname="SavingsMethodTest" time="0.001"/>
  <testcase name="constantSavingsTest" classname="SavingsMethodTest" time="0.001"/>
  <testcase name="testCompoundSavingsVariable2" classname="SavingsMethodTest" time="0"/>
  <testcase name="constantSavingsTwoTest" classname="SavingsMethodTest" time="0"/>
  <testcase name="testFutureValueLS_VariableInterest2" classname="SavingsMethodTest" time="0"/>
</testsuite>