<?xml version="1.0" encoding="UTF-8"?>
<testsuite xmlns:xsi="http://www.w3.org/2001/XMLSchema-instance" xsi:noNamespaceSchemaLocation="https://maven.apache.org/surefire/maven-surefire-plugin/xsd/surefire-test-report.xsd" name="GQTest" time="0.101" tests="25" errors="0" skipped="0" failures="0">
  <properties>
[...]
</properties>
  <testcase name="testGQDumpList" classname="GQTest" time="0.016"/>
  <testcase name="testGQSetBoundCheck" classname="GQTest" time="0"/>
  <testcase name="testGQListIterator" classname="GQTest" time="0.001"/>
  <testcase name="testGQDeleteForOneElem" classname="GQTest" time="0.001"/>
  <testcase name="testGQRemoveTailNullHeadAndTail" classname="GQTest" time="0.001"/>
  <testcase name="testGQSetForNoElem" classname="GQTest" time="0"/>
  <testcase name="testGQRemoveTailOneElem" classname="GQTest" time="0.001"/>
  <testcase name="testGQDequeueValueForOne" classname="GQTest" time="0.001"/>
  <testcase name="testGQDeleteForMoreElem" classname="GQTest" time="0.001"/>
  <testcase name="testGQDequeueLengthForOne" classname="GQTest" time="0"/>
  <testcase name="testGQSetForOneElem" classname="GQTest" time="0"/>
  <testcase name="testGQConstructorLength" classname="GQTest" time="0.001"/>
  <testcase name="testGQForEach" classname="GQTest" time="0.001"/>
  <testcase name="testGQEnqueueLength" classname="GQTest" time="0"/>
  <testcase name="testGQConstructorValue" classname="GQTest" time="0"/>
  <testcase name="testGQEnqueueValues{int}[1]" classname="GQTest" time="0.022"/>
  <testcase name="testGQEnqueueValues{int}[2]" classname="GQTest" time="0"/>
  <testcase name="testGQEnqueueValues{int}[3]" classname="GQTest" time="0"/>
  <testcase name="testGQReverseIterator" classname="GQTest" time="0.001"/>
  <testcase name="testGQDequeueValueForMore" classname="GQTest" time="0.001"/>
  <testcase name="testGQRemoveTailMoreThanOneElem" classname="GQTest" time="0"/>
  <testcase name="testGQDequeueLengthForMore" classname="GQTest" time="0.001"/>
  <testcase name="testGQIterator" classname="GQTest" time="0"/>
  <testcase name="testGQGetBoundCheck" classname="GQTest" time="0"/>
  <testcase name="testGQDeleteForNoElem" classname="GQTest" time="0.001"/>
</testsuite>