-------------------------------------------------------------------------------
Test set: MyTest
-------------------------------------------------------------------------------
Tests run: 30, Failures: 1, Errors: 0, Skipped: 0, Time elapsed: 0.055 s <<< FAILURE! - in MyTest
testBaccaratDealerShuffleCards1  Time elapsed: 0.01 s  <<< FAILURE!
org.opentest4j.AssertionFailedError: BaccaratDealer DealHand top card is the same. If top card is the same, re-run the test. ==> expected: not equal but was: <Diamonds>
	at MyTest.testBaccaratDealerShuffleCards1(MyTest.java:137)

