<?xml version="1.0" encoding="UTF-8"?>
<testsuite xmlns:xsi="http://www.w3.org/2001/XMLSchema-instance" xsi:noNamespaceSchemaLocation="https://maven.apache.org/surefire/maven-surefire-plugin/xsd/surefire-test-report.xsd" name="MyTest" time="0.055" tests="30" errors="0" skipped="0" failures="1">
  <properties>
[...]
</properties>
  <testcase name="testBaccaratGameLogicWhoWon1" classname="MyTest" time="0.022"/>
  <testcase name="testBaccaratGameLogicWhoWon2" classname="MyTest" time="0"/>
  <testcase name="testBaccaratGameLogicWhoWon3" classname="MyTest" time="0"/>
  <testcase name="testBaccaratGameLogicWhoWon4" classname="MyTest" time="0.001"/>
  <testcase name="testBaccaratGameLogicWhoWon5" classname="MyTest" time="0"/>
  <testcase name="testBaccaratDealerDeckSize1" classname="MyTest" time="0"/>
  <testcase name="testBaccaratDealerDeckSize2" classname="MyTest" time="0"/>
  <testcase name="testBaccaratDealerGenerateDeck1" classname="MyTest" time="0.001"/>
  <testcase name="testBaccaratDealerGenerateDeck2" classname="MyTest" time="0"/>
  <testcase name="testBaccaratDealerConstructor" classname="MyTest" time="0"/>
  <testcase name="testBaccaratGameLogicEvaluatePlayerDraw1" classname="MyTest" time="0"/>
  <testcase name="testBaccaratGameLogicEvaluatePlayerDraw2" classname="MyTest" time="0.001"/>
  <testcase name="testBaccaratDealerDrawOne1" classname="MyTest" time="0"/>
  <testcase name="testBaccaratDealerDrawOne2" classname="MyTest" time="0"/>
  <testcase name="test1" classname="MyTest" time="0.003"/>
  <testcase name="testBaccaratGameLogicEvaluateBankerDraw1" classname="MyTest" time="0"/>
  <testcase name="testBaccaratGameLogicEvaluateBankerDraw2" classname="MyTest" time="0"/>
  <testcase name="testBaccaratGameLogicEvaluateBankerDraw3" classname="MyTest" time="0"/>
  <testcase name="testBaccaratGameLogicHandTotal1" classname="MyTest" time="0.001"/>
  <testcase name="testBaccaratGameLogicHandTotal2" classname="MyTest" time="0"/>
  <testcase name="testBaccaratGameConstructor" classname="MyTest" time="0.001"/>
  <testcase name="testBaccaratDealerShuffleCards1" classname="MyTest" time="0.01">
    <failure message="BaccaratDealer DealHand top card is the same. If top card is the same, re-run the test. ==&gt; expected: not equal but was: &lt;Diamonds&gt;" type="org.opentest4j.AssertionFailedError"><![CDATA[org.opentest4j.AssertionFailedError: BaccaratDealer DealHand top card is the same. If top card is the same, re-run the test. ==> expected: not equal but was: <Diamonds>
	at MyTest.testBaccaratDealerShuffleCards1(MyTest.java:137)
]]></failure>
  </testcase>
  <testcase name="testBaccaratDealerShuffleCards2" classname="MyTest" time="0"/>
  <testcase name="testBaccaratGameEvaluateWinnings1" classname="MyTest" time="0"/>
  <testcase name="testBaccaratGameEvaluateWinnings2" classname="MyTest" time="0"/>
  <testcase name="testBaccaratGameEvaluateWinnings3" classname="MyTest" time="0"/>
  <testcase name="testBaccaratGameEvaluateWinnings4" classname="MyTest" time="0"/>
  <testcase name="testBaccaratDealerDealHand1" classname="MyTest" time="0"/>
  <testcase name="testBaccaratDealerDealHand2" classname="MyTest" time="0"/>
  <testcase name="testCardClassConstructor" classname="MyTest" time="0.001"/>
</testsuite>